TN:
SF:src\components\card\ProductCard.tsx
FN:9,(anonymous_0)
FNF:1
FNH:1
FNDA:1,(anonymous_0)
DA:1,1
DA:9,1
DA:10,1
DA:24,1
LF:4
LH:4
BRF:0
BRH:0
end_of_record
TN:
SF:src\components\errorboundary\ErrorBoundary.tsx
FN:8,(anonymous_1)
FN:13,(anonymous_2)
FN:17,(anonymous_3)
FN:20,(anonymous_4)
FNF:4
FNH:4
FNDA:4,(anonymous_1)
FNDA:2,(anonymous_2)
FNDA:1,(anonymous_3)
FNDA:5,(anonymous_4)
DA:1,1
DA:9,4
DA:10,3
DA:14,2
DA:18,1
DA:21,5
DA:22,2
DA:29,3
DA:33,1
LF:9
LH:9
BRDA:21,0,0,2
BRDA:21,0,1,3
BRF:2
BRH:2
end_of_record
